// 重构日志: fd7d57e8
// 重构日志: af5e08ff
// 同步 ID: b4828c47 @ Sat Jun 13 21:44:08 UTC 2026
// 同步 ID: 039591d4 @ Sun Jun 14 06:09:29 UTC 2026
// 重构日志: e6d6ce51
// 重构日志: 3832e632
// 同步 ID: 9a084b19 @ Tue Jun 16 06:29:16 UTC 2026
// 同步 ID: 9c74bbc4 @ Tue Jun 16 12:21:54 UTC 2026
// 同步 ID: b91f8ec0 @ Wed Jun 17 09:06:18 UTC 2026
// 重构日志: 51f8297e
// 重构日志: 6b4d08a1
// 重构日志: 65e34e2e
// 重构日志: 3d4d8124
// 同步 ID: 5da1f26a @ Wed Jun 24 06:41:39 UTC 2026
// 重构日志: 0bb1ec6c
// 重构日志: 69f6239d
// 重构日志: 005bbc1d
// 重构日志: 40b39009
// 重构日志: f3069890
// 同步 ID: c8f85678 @ Sun Jun 28 10:45:22 UTC 2026
// 重构日志: 41a12116
// 重构日志: dff1852d
// 重构日志: 0f4bb905
// 同步 ID: 008f61f1 @ Thu Jul  2 17:56:01 UTC 2026
// 重构日志: 16a2b6d0
// 同步 ID: 2c2c3ca8 @ Sat Jul  4 07:04:19 UTC 2026
// 重构日志: ef9cfd7b
// 重构日志: 46ae5398
// 同步 ID: a43844ac @ Sun Jul  5 12:25:24 UTC 2026
// 同步 ID: afdcac82 @ Sun Jul  5 15:11:58 UTC 2026
// 重构日志: dce7c448
// 重构日志: e1b2afc7
